e:\study\algorithm\algorithm\algorithm\debug\vc140.pdb
e:\study\algorithm\algorithm\algorithm\debug\vc140.idb
e:\study\algorithm\algorithm\algorithm\debug\b1408.obj
e:\study\algorithm\algorithm\algorithm\debug\b4811.obj
e:\study\algorithm\algorithm\algorithm\debug\b2589.obj
e:\study\algorithm\algorithm\algorithm\debug\b1890.obj
e:\study\algorithm\algorithm\algorithm\debug\b2293.obj
e:\study\algorithm\algorithm\algorithm\debug\b2530.obj
e:\study\algorithm\algorithm\algorithm\debug\b4095.obj
e:\study\algorithm\algorithm\algorithm\debug\b5582.obj
e:\study\algorithm\algorithm\algorithm\debug\b1932.obj
e:\study\algorithm\algorithm\algorithm\debug\b2294.obj
e:\study\algorithm\algorithm\algorithm\debug\b2156.obj
e:\study\algorithm\algorithm\algorithm\debug\b1931.obj
e:\study\algorithm\algorithm\algorithm\debug\ccc_bridgetrans.obj
e:\study\algorithm\algorithm\algorithm\debug\upstair.obj
e:\study\algorithm\algorithm\algorithm\debug\pack.obj
e:\study\algorithm\algorithm\algorithm\debug\seat.obj
e:\study\algorithm\algorithm\algorithm\debug\gc.obj
e:\study\algorithm\algorithm\algorithm\debug\worm.obj
e:\study\algorithm\algorithm\algorithm\debug\hanoi.obj
e:\study\algorithm\algorithm\algorithm\debug\d_tobin.obj
e:\study\algorithm\algorithm\algorithm\debug\b3060.obj
e:\study\algorithm\algorithm\algorithm\debug\b3056.obj
e:\study\algorithm\algorithm\algorithm\debug\b2559.obj
e:\study\algorithm\algorithm\algorithm\debug\헛간고치기.obj
e:\study\algorithm\algorithm\algorithm\debug\mixing_milk.obj
e:\study\algorithm\algorithm\algorithm\debug\b10166.obj
e:\study\algorithm\algorithm\algorithm\debug\invest.obj
e:\study\algorithm\algorithm\algorithm\debug\01knapsack.obj
e:\study\algorithm\algorithm\algorithm\debug\land.obj
e:\study\algorithm\algorithm\algorithm\debug\mns.obj
e:\study\algorithm\algorithm\algorithm\debug\tiling.obj
e:\study\algorithm\algorithm\algorithm\debug\interval.obj
e:\study\algorithm\algorithm\algorithm\debug\moving.obj
e:\study\algorithm\algorithm\algorithm\debug\numtri.obj
e:\study\algorithm\algorithm\algorithm\debug\ninterval.obj
e:\study\algorithm\algorithm\debug\algorithm.ilk
e:\study\algorithm\algorithm\debug\algorithm.exe
e:\study\algorithm\algorithm\debug\algorithm.pdb
e:\study\algorithm\algorithm\algorithm\debug\algorithm.tlog\cl.command.1.tlog
e:\study\algorithm\algorithm\algorithm\debug\algorithm.tlog\cl.write.1.tlog
e:\study\algorithm\algorithm\algorithm\debug\algorithm.tlog\link.command.1.tlog
e:\study\algorithm\algorithm\algorithm\debug\algorithm.tlog\link.read.1.tlog
e:\study\algorithm\algorithm\algorithm\debug\algorithm.tlog\link.write.1.tlog
